TEST CASE #1 ROUND 2:
Randy
Robin
Yang
Andy
Abel
Max
Peggy
Ruby

TEST CASE #1 ROUND 3:
Randy
Andy
Abel
Robin
Yang
Ruby
Max
Peggy

TEST CASE #1 ROUND 4:
Randy
Yang
Robin
Andy
Abel
Peggy
Ruby
Max

TEST CASE #2 ROUND 2:
Bonnie
Caleb
Evie
George
Jack
Angel
Don
Frank
Henry
Iris

TEST CASE #2 ROUND 3:
Caleb
Evie
Angel
Frank
Bonnie
George
Henry
Jack
Don
Iris

TEST CASE #2 ROUND 4:
Evie
Jack
Caleb
Frank
George
Angel
Henry
Don
Bonnie
Iris

TEST CASE #3 ROUND 2:
Michelle
Beth
John
Alex
Saul
Cole
Philip
Maria
Ron
Angelo
Jessica
Taylor

TEST CASE #3 ROUND 3:
Michelle
John
Saul
Maria
Beth
Alex
Angelo
Jessica
Cole
Philip
Ron
Taylor

TEST CASE #3 ROUND 4:
Michelle
Saul
Beth
John
Angelo
Cole
Maria
Ron
Alex
Jessica
Philip
Taylor

TEST CASE #4 ROUND 2:
Angel
Dan
Frank
George
Ken
Ben
Charles
Edgar
Harley
Jim

TEST CASE #4 ROUND 3:
Angel
Frank
Ben
Charles
Dan
George
Jim
Edgar
Ken
Harley

TEST CASE #4 ROUND 4:
Frank
Ben
Angel
Charles
Dan
Harley
George
Jim
Edgar
Ken

