Query #1
BROOKS, ROGER 102661
BUCHANAN, ALEXANDER 102453
ALLEN, ALAN 770814
ROBERTS, MATIANA 212090
BARROWS, GEORGE 102559
BROOKS, IAN 104132
JONES, RICHARD 770945
JONES, ROGER 770152
ROGERS, ROBERT 742034
ROGERS, MARTIN 587716

Query #2
DODSON, NICOLE 240289 11 N X X N jr grad
DELGADO, ABIGAIL 540250 10 P P N N 2011
ROGERS, ROBERT 742034 10 P N N P
ROGERS, MARTIN 587716 10 P N P P jr grad
ROBERTS, MATIANA 212090 11 P N N P jr grad
JONES, ROGER 770152 11 P N N P
JONES, RICHARD 770945 11 P P N P
BUCHANAN, ALEXANDER 102453 12 N N N P jr grad
BROOKS, ROGER 102661 12 N N N P 2011
BROOKS, IAN 104132 11 P N P P jr grad
BARROWS, GEORGE 102559 11 P N N P jr grad
ALLEN, ALAN 770814 12 P N N P 2012
ROBERTS, ROBERT 770460 11 X X N X 2012

Query #3
ALLEN, ALAN
ROBERTS, ROBERT

Query #4
<EMPTY>

Query #5
ALLEN, ALAN
JONES, RICHARD
JONES, ROGER
ROBERTS, ROBERT
ROGERS, ROBERT

