TEST CASE #1 ROUND 2:
Henry 420
Iris 345
George 345
Bonnie 345
Don 245
Angel 245
Caleb 230
Frank 215
Evie 192
Jack 128

TEST CASE #1 ROUND 3:
Henry 655
Bonnie 579
Iris 634
George 631
Angel 569
Frank 415
Don 417
Evie 289
Caleb 415
Jack 286

TEST CASE #1 ROUND 4:
Bonnie 1009
Iris 910
George 906
Angel 847
Henry 904
Jack 673
Caleb 636
Evie 509
Frank 636
Don 630

TEST CASE #2 ROUND 2:
Max 458
Randy 235
Peggy 194
Abel 169
Andy 155
Yang 154
Ruby 144
Robin 135

TEST CASE #2 ROUND 3:
Max 717
Peggy 462
Randy 489
Robin 299
Abel 447
Andy 299
Ruby 299
Yang 280

TEST CASE #2 ROUND 4:
Max 1065
Yang 639
Randy 757
Peggy 715
Abel 601
Ruby 433
Andy 433
Robin 433

TEST CASE #3 ROUND 2:
Taylor 501
Saul 452
Philip 435
Ron 422
Angelo 367
Jessica 345
Alex 345
Maria 345
Michelle 345
Cole 324
Beth 254
John 34

TEST CASE #3 ROUND 3:
Philip 822
Maria 797
Saul 797
Ron 767
Taylor 755
Beth 707
Alex 690
Jessica 690
Angelo 685
Michelle 598
Cole 559
John 122

TEST CASE #3 ROUND 4:
Maria 1301
Taylor 1207
Philip 1147
Jessica 1035
Alex 1035
Saul 1032
Cole 1012
Ron 1010
Beth 1005
Angelo 902
Michelle 832
John 498

